<?xml version="1.0" encoding="UTF-8"?>
<!-- Generated by org.testng.reporters.JUnitReportReporter -->
<testsuite hostname="ASCDK041" name="MavenTest" tests="1" failures="0" timestamp="1 Mar 2016 13:30:19 GMT" time="16.851" errors="0">
  <testcase name="test" time="16.851" classname="MavenTest"/>
</testsuite> <!-- MavenTest -->
