<?xml version="1.0" encoding="UTF-8"?>
<!-- Generated by org.testng.reporters.JUnitReportReporter -->
<testsuite hostname="ASCDK041" name="com.pack.test.RechargeTest" tests="1" failures="0" timestamp="15 Apr 2016 12:58:29 GMT" time="53.585" errors="0">
  <testcase name="rechargePayTM" time="53.585" classname="com.pack.test.RechargeTest"/>
</testsuite> <!-- com.pack.test.RechargeTest -->
