<?xml version="1.0" encoding="UTF-8"?>
<!-- Generated by org.testng.reporters.JUnitReportReporter -->
<testsuite hostname="ASCDK041" name="com.pack.test.CreateAnAccounTest" tests="1" failures="0" timestamp="21 Mar 2016 13:15:10 GMT" time="5.494" errors="0">
  <testcase name="CreateAnAccounPage" time="5.494" classname="com.pack.test.CreateAnAccounTest"/>
</testsuite> <!-- com.pack.test.CreateAnAccounTest -->
