<?xml version="1.0" encoding="UTF-8"?>
<!-- Generated by org.testng.reporters.JUnitReportReporter -->
<testsuite hostname="ASCDK041" name="com.pack.test.CreateAnAccounTest" tests="1" failures="0" timestamp="11 Apr 2016 06:55:30 GMT" time="20.740" errors="0">
  <testcase name="CreateAnAccounPage" time="20.740" classname="com.pack.test.CreateAnAccounTest"/>
</testsuite> <!-- com.pack.test.CreateAnAccounTest -->
