<?xml version="1.0" encoding="UTF-8"?>
<!-- Generated by org.testng.reporters.JUnitReportReporter -->
<testsuite hostname="ASCDK041" name="com.pack.test.CreateAnAccounTest" tests="1" failures="0" timestamp="15 Apr 2016 13:00:17 GMT" time="6.531" errors="0">
  <testcase name="CreateAnAccounPage" time="6.531" classname="com.pack.test.CreateAnAccounTest"/>
</testsuite> <!-- com.pack.test.CreateAnAccounTest -->
