<?xml version="1.0" encoding="UTF-8"?>
<!-- Generated by org.testng.reporters.JUnitReportReporter -->
<testsuite hostname="ASCDK041" name="com.pack.test.SignInPageTest" tests="1" failures="0" timestamp="15 Apr 2016 13:00:17 GMT" time="5.157" errors="0">
  <testcase name="verifySignInFunction" time="5.157" classname="com.pack.test.SignInPageTest"/>
</testsuite> <!-- com.pack.test.SignInPageTest -->
