<?xml version="1.0" encoding="UTF-8"?>
<!-- Generated by org.testng.reporters.JUnitReportReporter -->
<testsuite hostname="ASCDK041" name="com.pack.test.BasePageTest" tests="1" failures="0" timestamp="11 Apr 2016 06:55:30 GMT" time="0.427" errors="0">
  <testcase name="verifyHomePage" time="0.427" classname="com.pack.test.BasePageTest"/>
</testsuite> <!-- com.pack.test.BasePageTest -->
