<?xml version="1.0" encoding="UTF-8"?>
<!-- Generated by org.testng.reporters.JUnitReportReporter -->
<testsuite hostname="ASCDK041" name="com.pack.test.BasePageTest" tests="1" failures="0" timestamp="15 Apr 2016 13:00:17 GMT" time="0.168" errors="0">
  <testcase name="verifyHomePage" time="0.168" classname="com.pack.test.BasePageTest"/>
</testsuite> <!-- com.pack.test.BasePageTest -->
