<?xml version="1.0" encoding="UTF-8"?>
<!-- Generated by org.testng.reporters.JUnitReportReporter -->
<testsuite hostname="ASCDK041" name="com.pack.test.SignInPageTest" tests="1" failures="0" timestamp="11 Apr 2016 06:55:30 GMT" time="6.349" errors="0">
  <testcase name="verifySignInFunction" time="6.349" classname="com.pack.test.SignInPageTest"/>
</testsuite> <!-- com.pack.test.SignInPageTest -->
