<?xml version="1.0" encoding="UTF-8"?>
<!-- Generated by org.testng.reporters.JUnitReportReporter -->
<testsuite hostname="ASCDK041" name="com.pack.test.CreateAnAccounTest" tests="1" failures="0" timestamp="18 Apr 2016 09:27:50 GMT" time="5.150" errors="0">
  <testcase name="CreateAnAccounPage" time="5.150" classname="com.pack.test.CreateAnAccounTest"/>
</testsuite> <!-- com.pack.test.CreateAnAccounTest -->
