<?xml version="1.0" encoding="UTF-8"?>
<!-- Generated by org.testng.reporters.JUnitReportReporter -->
<testsuite hostname="ASCDK041" name="com.pack.test.SignInPageTest" tests="1" failures="0" timestamp="18 Apr 2016 09:27:50 GMT" time="56.817" errors="0">
  <testcase name="verifySignInFunction" time="56.817" classname="com.pack.test.SignInPageTest"/>
</testsuite> <!-- com.pack.test.SignInPageTest -->
